<?xml version="1.0" encoding="UTF-8"?>
<!-- Generated by org.testng.reporters.JUnitReportReporter -->
<testsuite skipped="0" hostname="DESKTOP-BNM6370" name="com.erp.customer_scripts.CreateCustomer" tests="1" failures="0" timestamp="2020-04-04T12:13:46 IST" time="21.886" errors="0">
  <testcase name="testCreateCustomer" time="21.886" classname="com.erp.customer_scripts.CreateCustomer"/>
  <system-out/>
</testsuite> <!-- com.erp.customer_scripts.CreateCustomer -->
